生成启动时间为 2014/5/29 12:49:52。
     1>项目“C:\Users\vincent\Desktop\vosm-0.3.3\modules\integraltransform\integraltransform.vcxproj”在节点 2 上(rebuild 个目标)。
     1>_PrepareForClean:
         正在删除文件“x64\Debug\integraltransform.lastbuildstate”。
       InitializeBuildStatus:
         正在创建“x64\Debug\integraltransform.unsuccessfulbuild”，因为已指定“AlwaysCreate”。
       ClCompile:
         C:\Program Files (x86)\Microsoft Visual Studio 10.0\VC\bin\x86_amd64\CL.exe /c /I./include /I../include /Zi /nologo /W3 /WX- /Od /D _MBCS /Gm /EHsc /RTC1 /MDd /GS /fp:precise /Zc:wchar_t /Zc:forScope /Fo"x64\Debug\\" /Fd"x64\Debug\vc100.pdb" /Gd /TP /errorReport:prompt src\VO_CohenDaubechiesFeauveau.cpp src\VO_Coiflets.cpp src\VO_Daubechies.cpp src\VO_DiscreteFIRMeyer.cpp src\VO_Gabor.cpp src\VO_Gauss.cpp src\VO_Haar.cpp src\VO_ReverseBiorthogonal.cpp src\VO_STFT.cpp src\VO_Symlets.cpp src\VO_WindowFunc.cpp
         VO_WindowFunc.cpp
     1>d:\opencv\mybuild_2\install\include\opencv2\flann\logger.h(66): warning C4996: 'fopen': This function or variable may be unsafe. Consider using fopen_s instead. To disable deprecation, use _CRT_SECURE_NO_WARNINGS. See online help for details.
                 C:\Program Files (x86)\Microsoft Visual Studio 10.0\VC\include\stdio.h(234) : 参见“fopen”的声明
     1>src\VO_WindowFunc.cpp(106): warning C4018: “<”: 有符号/无符号不匹配
     1>src\VO_WindowFunc.cpp(107): warning C4244: “=”: 从“double”转换到“float”，可能丢失数据
     1>src\VO_WindowFunc.cpp(109): warning C4018: “<”: 有符号/无符号不匹配
     1>src\VO_WindowFunc.cpp(110): warning C4244: “=”: 从“double”转换到“float”，可能丢失数据
     1>src\VO_WindowFunc.cpp(117): warning C4018: “<”: 有符号/无符号不匹配
     1>src\VO_WindowFunc.cpp(118): warning C4244: “=”: 从“double”转换到“float”，可能丢失数据
     1>src\VO_WindowFunc.cpp(120): warning C4018: “<”: 有符号/无符号不匹配
     1>src\VO_WindowFunc.cpp(121): warning C4244: “=”: 从“double”转换到“float”，可能丢失数据
     1>src\VO_WindowFunc.cpp(130): warning C4018: “<”: 有符号/无符号不匹配
     1>src\VO_WindowFunc.cpp(131): warning C4244: “=”: 从“double”转换到“float”，可能丢失数据
     1>src\VO_WindowFunc.cpp(133): warning C4018: “<”: 有符号/无符号不匹配
     1>src\VO_WindowFunc.cpp(134): warning C4244: “=”: 从“double”转换到“float”，可能丢失数据
     1>src\VO_WindowFunc.cpp(175): warning C4018: “<”: 有符号/无符号不匹配
     1>src\VO_WindowFunc.cpp(176): warning C4018: “<”: 有符号/无符号不匹配
     1>src\VO_WindowFunc.cpp(208): warning C4018: “<”: 有符号/无符号不匹配
     1>src\VO_WindowFunc.cpp(210): warning C4018: “<”: 有符号/无符号不匹配
         VO_Symlets.cpp
     1>src\VO_Symlets.cpp : warning C4819: 该文件包含不能在当前代码页(936)中表示的字符。请将该文件保存为 Unicode 格式以防止数据丢失
     1>d:\opencv\mybuild_2\install\include\opencv2\flann\logger.h(66): warning C4996: 'fopen': This function or variable may be unsafe. Consider using fopen_s instead. To disable deprecation, use _CRT_SECURE_NO_WARNINGS. See online help for details.
                 C:\Program Files (x86)\Microsoft Visual Studio 10.0\VC\include\stdio.h(234) : 参见“fopen”的声明
         VO_STFT.cpp
     1>d:\opencv\mybuild_2\install\include\opencv2\flann\logger.h(66): warning C4996: 'fopen': This function or variable may be unsafe. Consider using fopen_s instead. To disable deprecation, use _CRT_SECURE_NO_WARNINGS. See online help for details.
                 C:\Program Files (x86)\Microsoft Visual Studio 10.0\VC\include\stdio.h(234) : 参见“fopen”的声明
     1>src\VO_STFT.cpp(136): warning C4018: “<=”: 有符号/无符号不匹配
     1>src\VO_STFT.cpp(150): warning C4018: “<=”: 有符号/无符号不匹配
         VO_ReverseBiorthogonal.cpp
         VO_Haar.cpp
     1>d:\opencv\mybuild_2\install\include\opencv2\flann\logger.h(66): warning C4996: 'fopen': This function or variable may be unsafe. Consider using fopen_s instead. To disable deprecation, use _CRT_SECURE_NO_WARNINGS. See online help for details.
                 C:\Program Files (x86)\Microsoft Visual Studio 10.0\VC\include\stdio.h(234) : 参见“fopen”的声明
         VO_Gauss.cpp
     1>d:\opencv\mybuild_2\install\include\opencv2\flann\logger.h(66): warning C4996: 'fopen': This function or variable may be unsafe. Consider using fopen_s instead. To disable deprecation, use _CRT_SECURE_NO_WARNINGS. See online help for details.
                 C:\Program Files (x86)\Microsoft Visual Studio 10.0\VC\include\stdio.h(234) : 参见“fopen”的声明
     1>src\VO_Gauss.cpp(110): warning C4244: “初始化”: 从“float”转换到“int”，可能丢失数据
     1>src\VO_Gauss.cpp(111): warning C4244: “初始化”: 从“float”转换到“int”，可能丢失数据
     1>src\VO_Gauss.cpp(129): warning C4244: “=”: 从“unsigned int”转换到“float”，可能丢失数据
         VO_Gabor.cpp
     1>d:\opencv\mybuild_2\install\include\opencv2\flann\logger.h(66): warning C4996: 'fopen': This function or variable may be unsafe. Consider using fopen_s instead. To disable deprecation, use _CRT_SECURE_NO_WARNINGS. See online help for details.
                 C:\Program Files (x86)\Microsoft Visual Studio 10.0\VC\include\stdio.h(234) : 参见“fopen”的声明
     1>src\VO_Gabor.cpp(106): warning C4244: “初始化”: 从“float”转换到“int”，可能丢失数据
     1>src\VO_Gabor.cpp(107): warning C4244: “初始化”: 从“float”转换到“int”，可能丢失数据
     1>src\VO_Gabor.cpp(122): warning C4244: “=”: 从“double”转换到“float”，可能丢失数据
     1>src\VO_Gabor.cpp(127): warning C4244: “=”: 从“unsigned int”转换到“float”，可能丢失数据
     1>src\VO_Gabor.cpp(142): warning C4244: “return”: 从“double”转换到“float”，可能丢失数据
         VO_DiscreteFIRMeyer.cpp
         VO_Daubechies.cpp
     1>src\VO_Daubechies.cpp : warning C4819: 该文件包含不能在当前代码页(936)中表示的字符。请将该文件保存为 Unicode 格式以防止数据丢失
     1>d:\opencv\mybuild_2\install\include\opencv2\flann\logger.h(66): warning C4996: 'fopen': This function or variable may be unsafe. Consider using fopen_s instead. To disable deprecation, use _CRT_SECURE_NO_WARNINGS. See online help for details.
                 C:\Program Files (x86)\Microsoft Visual Studio 10.0\VC\include\stdio.h(234) : 参见“fopen”的声明
     1>src\VO_Daubechies.cpp(69): warning C4305: “初始化”: 从“double”到“float”截断
     1>src\VO_Daubechies.cpp(69): warning C4305: “初始化”: 从“double”到“float”截断
     1>src\VO_Daubechies.cpp(69): warning C4305: “初始化”: 从“double”到“float”截断
     1>src\VO_Daubechies.cpp(69): warning C4305: “初始化”: 从“double”到“float”截断
     1>src\VO_Daubechies.cpp(70): warning C4305: “初始化”: 从“double”到“float”截断
     1>src\VO_Daubechies.cpp(70): warning C4305: “初始化”: 从“double”到“float”截断
     1>src\VO_Daubechies.cpp(70): warning C4305: “初始化”: 从“double”到“float”截断
     1>src\VO_Daubechies.cpp(70): warning C4305: “初始化”: 从“double”到“float”截断
     1>src\VO_Daubechies.cpp(70): warning C4305: “初始化”: 从“double”到“float”截断
     1>src\VO_Daubechies.cpp(70): warning C4305: “初始化”: 从“double”到“float”截断
     1>src\VO_Daubechies.cpp(71): warning C4305: “初始化”: 从“double”到“float”截断
     1>src\VO_Daubechies.cpp(71): warning C4305: “初始化”: 从“double”到“float”截断
     1>src\VO_Daubechies.cpp(71): warning C4305: “初始化”: 从“double”到“float”截断
     1>src\VO_Daubechies.cpp(71): warning C4305: “初始化”: 从“double”到“float”截断
     1>src\VO_Daubechies.cpp(71): warning C4305: “初始化”: 从“double”到“float”截断
     1>src\VO_Daubechies.cpp(71): warning C4305: “初始化”: 从“double”到“float”截断
     1>src\VO_Daubechies.cpp(71): warning C4305: “初始化”: 从“double”到“float”截断
     1>src\VO_Daubechies.cpp(71): warning C4305: “初始化”: 从“double”到“float”截断
     1>src\VO_Daubechies.cpp(72): warning C4305: “初始化”: 从“double”到“float”截断
     1>src\VO_Daubechies.cpp(72): warning C4305: “初始化”: 从“double”到“float”截断
     1>src\VO_Daubechies.cpp(72): warning C4305: “初始化”: 从“double”到“float”截断
     1>src\VO_Daubechies.cpp(72): warning C4305: “初始化”: 从“double”到“float”截断
     1>src\VO_Daubechies.cpp(72): warning C4305: “初始化”: 从“double”到“float”截断
     1>src\VO_Daubechies.cpp(72): warning C4305: “初始化”: 从“double”到“float”截断
     1>src\VO_Daubechies.cpp(72): warning C4305: “初始化”: 从“double”到“float”截断
     1>src\VO_Daubechies.cpp(72): warning C4305: “初始化”: 从“double”到“float”截断
     1>src\VO_Daubechies.cpp(72): warning C4305: “初始化”: 从“double”到“float”截断
     1>src\VO_Daubechies.cpp(72): warning C4305: “初始化”: 从“double”到“float”截断
     1>src\VO_Daubechies.cpp(73): warning C4305: “初始化”: 从“double”到“float”截断
     1>src\VO_Daubechies.cpp(73): warning C4305: “初始化”: 从“double”到“float”截断
     1>src\VO_Daubechies.cpp(73): warning C4305: “初始化”: 从“double”到“float”截断
     1>src\VO_Daubechies.cpp(73): warning C4305: “初始化”: 从“double”到“float”截断
     1>src\VO_Daubechies.cpp(73): warning C4305: “初始化”: 从“double”到“float”截断
     1>src\VO_Daubechies.cpp(73): warning C4305: “初始化”: 从“double”到“float”截断
     1>src\VO_Daubechies.cpp(73): warning C4305: “初始化”: 从“double”到“float”截断
     1>src\VO_Daubechies.cpp(73): warning C4305: “初始化”: 从“double”到“float”截断
     1>src\VO_Daubechies.cpp(73): warning C4305: “初始化”: 从“double”到“float”截断
     1>src\VO_Daubechies.cpp(73): warning C4305: “初始化”: 从“double”到“float”截断
     1>src\VO_Daubechies.cpp(73): warning C4305: “初始化”: 从“double”到“float”截断
     1>src\VO_Daubechies.cpp(73): warning C4305: “初始化”: 从“double”到“float”截断
     1>src\VO_Daubechies.cpp(74): warning C4305: “初始化”: 从“double”到“float”截断
     1>src\VO_Daubechies.cpp(74): warning C4305: “初始化”: 从“double”到“float”截断
     1>src\VO_Daubechies.cpp(74): warning C4305: “初始化”: 从“double”到“float”截断
     1>src\VO_Daubechies.cpp(74): warning C4305: “初始化”: 从“double”到“float”截断
     1>src\VO_Daubechies.cpp(74): warning C4305: “初始化”: 从“double”到“float”截断
     1>src\VO_Daubechies.cpp(74): warning C4305: “初始化”: 从“double”到“float”截断
     1>src\VO_Daubechies.cpp(74): warning C4305: “初始化”: 从“double”到“float”截断
     1>src\VO_Daubechies.cpp(74): warning C4305: “初始化”: 从“double”到“float”截断
     1>src\VO_Daubechies.cpp(74): warning C4305: “初始化”: 从“double”到“float”截断
     1>src\VO_Daubechies.cpp(74): warning C4305: “初始化”: 从“double”到“float”截断
     1>src\VO_Daubechies.cpp(74): warning C4305: “初始化”: 从“double”到“float”截断
     1>src\VO_Daubechies.cpp(74): warning C4305: “初始化”: 从“double”到“float”截断
     1>src\VO_Daubechies.cpp(74): warning C4305: “初始化”: 从“double”到“float”截断
     1>src\VO_Daubechies.cpp(74): warning C4305: “初始化”: 从“double”到“float”截断
     1>src\VO_Daubechies.cpp(75): warning C4305: “初始化”: 从“double”到“float”截断
     1>src\VO_Daubechies.cpp(75): warning C4305: “初始化”: 从“double”到“float”截断
     1>src\VO_Daubechies.cpp(75): warning C4305: “初始化”: 从“double”到“float”截断
     1>src\VO_Daubechies.cpp(75): warning C4305: “初始化”: 从“double”到“float”截断
     1>src\VO_Daubechies.cpp(75): warning C4305: “初始化”: 从“double”到“float”截断
     1>src\VO_Daubechies.cpp(75): warning C4305: “初始化”: 从“double”到“float”截断
     1>src\VO_Daubechies.cpp(75): warning C4305: “初始化”: 从“double”到“float”截断
     1>src\VO_Daubechies.cpp(75): warning C4305: “初始化”: 从“double”到“float”截断
     1>src\VO_Daubechies.cpp(75): warning C4305: “初始化”: 从“double”到“float”截断
     1>src\VO_Daubechies.cpp(75): warning C4305: “初始化”: 从“double”到“float”截断
     1>src\VO_Daubechies.cpp(75): warning C4305: “初始化”: 从“double”到“float”截断
     1>src\VO_Daubechies.cpp(75): warning C4305: “初始化”: 从“double”到“float”截断
     1>src\VO_Daubechies.cpp(75): warning C4305: “初始化”: 从“double”到“float”截断
     1>src\VO_Daubechies.cpp(75): warning C4305: “初始化”: 从“double”到“float”截断
     1>src\VO_Daubechies.cpp(75): warning C4305: “初始化”: 从“double”到“float”截断
     1>src\VO_Daubechies.cpp(75): warning C4305: “初始化”: 从“double”到“float”截断
     1>src\VO_Daubechies.cpp(76): warning C4305: “初始化”: 从“double”到“float”截断
     1>src\VO_Daubechies.cpp(76): warning C4305: “初始化”: 从“double”到“float”截断
     1>src\VO_Daubechies.cpp(76): warning C4305: “初始化”: 从“double”到“float”截断
     1>src\VO_Daubechies.cpp(76): warning C4305: “初始化”: 从“double”到“float”截断
     1>src\VO_Daubechies.cpp(76): warning C4305: “初始化”: 从“double”到“float”截断
     1>src\VO_Daubechies.cpp(76): warning C4305: “初始化”: 从“double”到“float”截断
     1>src\VO_Daubechies.cpp(76): warning C4305: “初始化”: 从“double”到“float”截断
     1>src\VO_Daubechies.cpp(76): warning C4305: “初始化”: 从“double”到“float”截断
     1>src\VO_Daubechies.cpp(76): warning C4305: “初始化”: 从“double”到“float”截断
     1>src\VO_Daubechies.cpp(76): warning C4305: “初始化”: 从“double”到“float”截断
     1>src\VO_Daubechies.cpp(76): warning C4305: “初始化”: 从“double”到“float”截断
     1>src\VO_Daubechies.cpp(76): warning C4305: “初始化”: 从“double”到“float”截断
     1>src\VO_Daubechies.cpp(76): warning C4305: “初始化”: 从“double”到“float”截断
     1>src\VO_Daubechies.cpp(76): warning C4305: “初始化”: 从“double”到“float”截断
     1>src\VO_Daubechies.cpp(76): warning C4305: “初始化”: 从“double”到“float”截断
     1>src\VO_Daubechies.cpp(76): warning C4305: “初始化”: 从“double”到“float”截断
     1>src\VO_Daubechies.cpp(76): warning C4305: “初始化”: 从“double”到“float”截断
     1>src\VO_Daubechies.cpp(76): warning C4305: “初始化”: 从“double”到“float”截断
     1>src\VO_Daubechies.cpp(77): warning C4305: “初始化”: 从“double”到“float”截断
     1>src\VO_Daubechies.cpp(77): warning C4305: “初始化”: 从“double”到“float”截断
     1>src\VO_Daubechies.cpp(77): warning C4305: “初始化”: 从“double”到“float”截断
     1>src\VO_Daubechies.cpp(77): warning C4305: “初始化”: 从“double”到“float”截断
     1>src\VO_Daubechies.cpp(77): warning C4305: “初始化”: 从“double”到“float”截断
     1>src\VO_Daubechies.cpp(77): warning C4305: “初始化”: 从“double”到“float”截断
     1>src\VO_Daubechies.cpp(77): warning C4305: “初始化”: 从“double”到“float”截断
     1>src\VO_Daubechies.cpp(77): warning C4305: “初始化”: 从“double”到“float”截断
     1>src\VO_Daubechies.cpp(77): warning C4305: “初始化”: 从“double”到“float”截断
     1>src\VO_Daubechies.cpp(77): warning C4305: “初始化”: 从“double”到“float”截断
     1>src\VO_Daubechies.cpp(77): warning C4305: “初始化”: 从“double”到“float”截断
     1>src\VO_Daubechies.cpp(77): warning C4305: “初始化”: 从“double”到“float”截断
     1>src\VO_Daubechies.cpp(77): warning C4305: “初始化”: 从“double”到“float”截断
     1>src\VO_Daubechies.cpp(77): warning C4305: “初始化”: 从“double”到“float”截断
     1>src\VO_Daubechies.cpp(77): warning C4305: “初始化”: 从“double”到“float”截断
     1>src\VO_Daubechies.cpp(77): warning C4305: “初始化”: 从“double”到“float”截断
     1>src\VO_Daubechies.cpp(77): warning C4305: “初始化”: 从“double”到“float”截断
     1>src\VO_Daubechies.cpp(77): warning C4305: “初始化”: 从“double”到“float”截断
     1>src\VO_Daubechies.cpp(77): warning C4305: “初始化”: 从“double”到“float”截断
     1>src\VO_Daubechies.cpp(77): warning C4305: “初始化”: 从“double”到“float”截断
         VO_Coiflets.cpp
     1>src\VO_Coiflets.cpp : warning C4819: 该文件包含不能在当前代码页(936)中表示的字符。请将该文件保存为 Unicode 格式以防止数据丢失
     1>d:\opencv\mybuild_2\install\include\opencv2\flann\logger.h(66): warning C4996: 'fopen': This function or variable may be unsafe. Consider using fopen_s instead. To disable deprecation, use _CRT_SECURE_NO_WARNINGS. See online help for details.
                 C:\Program Files (x86)\Microsoft Visual Studio 10.0\VC\include\stdio.h(234) : 参见“fopen”的声明
     1>src\VO_Coiflets.cpp(66): warning C4305: “初始化”: 从“double”到“float”截断
     1>src\VO_Coiflets.cpp(66): warning C4305: “初始化”: 从“double”到“float”截断
     1>src\VO_Coiflets.cpp(66): warning C4305: “初始化”: 从“double”到“float”截断
     1>src\VO_Coiflets.cpp(66): warning C4305: “初始化”: 从“double”到“float”截断
     1>src\VO_Coiflets.cpp(66): warning C4305: “初始化”: 从“double”到“float”截断
     1>src\VO_Coiflets.cpp(66): warning C4305: “初始化”: 从“double”到“float”截断
     1>src\VO_Coiflets.cpp(67): warning C4305: “初始化”: 从“double”到“float”截断
     1>src\VO_Coiflets.cpp(67): warning C4305: “初始化”: 从“double”到“float”截断
     1>src\VO_Coiflets.cpp(67): warning C4305: “初始化”: 从“double”到“float”截断
     1>src\VO_Coiflets.cpp(67): warning C4305: “初始化”: 从“double”到“float”截断
     1>src\VO_Coiflets.cpp(67): warning C4305: “初始化”: 从“double”到“float”截断
     1>src\VO_Coiflets.cpp(67): warning C4305: “初始化”: 从“double”到“float”截断
     1>src\VO_Coiflets.cpp(67): warning C4305: “初始化”: 从“double”到“float”截断
     1>src\VO_Coiflets.cpp(67): warning C4305: “初始化”: 从“double”到“float”截断
     1>src\VO_Coiflets.cpp(67): warning C4305: “初始化”: 从“double”到“float”截断
     1>src\VO_Coiflets.cpp(67): warning C4305: “初始化”: 从“double”到“float”截断
     1>src\VO_Coiflets.cpp(67): warning C4305: “初始化”: 从“double”到“float”截断
     1>src\VO_Coiflets.cpp(67): warning C4305: “初始化”: 从“double”到“float”截断
     1>src\VO_Coiflets.cpp(68): warning C4305: “初始化”: 从“double”到“float”截断
     1>src\VO_Coiflets.cpp(68): warning C4305: “初始化”: 从“double”到“float”截断
     1>src\VO_Coiflets.cpp(68): warning C4305: “初始化”: 从“double”到“float”截断
     1>src\VO_Coiflets.cpp(68): warning C4305: “初始化”: 从“double”到“float”截断
     1>src\VO_Coiflets.cpp(68): warning C4305: “初始化”: 从“double”到“float”截断
     1>src\VO_Coiflets.cpp(68): warning C4305: “初始化”: 从“double”到“float”截断
     1>src\VO_Coiflets.cpp(68): warning C4305: “初始化”: 从“double”到“float”截断
     1>src\VO_Coiflets.cpp(68): warning C4305: “初始化”: 从“double”到“float”截断
     1>src\VO_Coiflets.cpp(68): warning C4305: “初始化”: 从“double”到“float”截断
     1>src\VO_Coiflets.cpp(68): warning C4305: “初始化”: 从“double”到“float”截断
     1>src\VO_Coiflets.cpp(68): warning C4305: “初始化”: 从“double”到“float”截断
     1>src\VO_Coiflets.cpp(68): warning C4305: “初始化”: 从“double”到“float”截断
     1>src\VO_Coiflets.cpp(68): warning C4305: “初始化”: 从“double”到“float”截断
     1>src\VO_Coiflets.cpp(68): warning C4305: “初始化”: 从“double”到“float”截断
     1>src\VO_Coiflets.cpp(68): warning C4305: “初始化”: 从“double”到“float”截断
     1>src\VO_Coiflets.cpp(68): warning C4305: “初始化”: 从“double”到“float”截断
     1>src\VO_Coiflets.cpp(68): warning C4305: “初始化”: 从“double”到“float”截断
     1>src\VO_Coiflets.cpp(68): warning C4305: “初始化”: 从“double”到“float”截断
     1>src\VO_Coiflets.cpp(69): warning C4305: “初始化”: 从“double”到“float”截断
     1>src\VO_Coiflets.cpp(69): warning C4305: “初始化”: 从“double”到“float”截断
     1>src\VO_Coiflets.cpp(69): warning C4305: “初始化”: 从“double”到“float”截断
     1>src\VO_Coiflets.cpp(69): warning C4305: “初始化”: 从“double”到“float”截断
     1>src\VO_Coiflets.cpp(69): warning C4305: “初始化”: 从“double”到“float”截断
     1>src\VO_Coiflets.cpp(69): warning C4305: “初始化”: 从“double”到“float”截断
     1>src\VO_Coiflets.cpp(69): warning C4305: “初始化”: 从“double”到“float”截断
     1>src\VO_Coiflets.cpp(69): warning C4305: “初始化”: 从“double”到“float”截断
     1>src\VO_Coiflets.cpp(69): warning C4305: “初始化”: 从“double”到“float”截断
     1>src\VO_Coiflets.cpp(69): warning C4305: “初始化”: 从“double”到“float”截断
     1>src\VO_Coiflets.cpp(69): warning C4305: “初始化”: 从“double”到“float”截断
     1>src\VO_Coiflets.cpp(69): warning C4305: “初始化”: 从“double”到“float”截断
     1>src\VO_Coiflets.cpp(69): warning C4305: “初始化”: 从“double”到“float”截断
     1>src\VO_Coiflets.cpp(69): warning C4305: “初始化”: 从“double”到“float”截断
     1>src\VO_Coiflets.cpp(69): warning C4305: “初始化”: 从“double”到“float”截断
     1>src\VO_Coiflets.cpp(69): warning C4305: “初始化”: 从“double”到“float”截断
     1>src\VO_Coiflets.cpp(69): warning C4305: “初始化”: 从“double”到“float”截断
     1>src\VO_Coiflets.cpp(69): warning C4305: “初始化”: 从“double”到“float”截断
     1>src\VO_Coiflets.cpp(69): warning C4305: “初始化”: 从“double”到“float”截断
     1>src\VO_Coiflets.cpp(69): warning C4305: “初始化”: 从“double”到“float”截断
     1>src\VO_Coiflets.cpp(69): warning C4305: “初始化”: 从“double”到“float”截断
     1>src\VO_Coiflets.cpp(69): warning C4305: “初始化”: 从“double”到“float”截断
     1>src\VO_Coiflets.cpp(69): warning C4305: “初始化”: 从“double”到“float”截断
     1>src\VO_Coiflets.cpp(69): warning C4305: “初始化”: 从“double”到“float”截断
     1>src\VO_Coiflets.cpp(70): warning C4305: “初始化”: 从“double”到“float”截断
     1>src\VO_Coiflets.cpp(70): warning C4305: “初始化”: 从“double”到“float”截断
     1>src\VO_Coiflets.cpp(70): warning C4305: “初始化”: 从“double”到“float”截断
     1>src\VO_Coiflets.cpp(70): warning C4305: “初始化”: 从“double”到“float”截断
     1>src\VO_Coiflets.cpp(70): warning C4305: “初始化”: 从“double”到“float”截断
     1>src\VO_Coiflets.cpp(70): warning C4305: “初始化”: 从“double”到“float”截断
     1>src\VO_Coiflets.cpp(70): warning C4305: “初始化”: 从“double”到“float”截断
     1>src\VO_Coiflets.cpp(70): warning C4305: “初始化”: 从“double”到“float”截断
     1>src\VO_Coiflets.cpp(70): warning C4305: “初始化”: 从“double”到“float”截断
     1>src\VO_Coiflets.cpp(70): warning C4305: “初始化”: 从“double”到“float”截断
     1>src\VO_Coiflets.cpp(70): warning C4305: “初始化”: 从“double”到“float”截断
     1>src\VO_Coiflets.cpp(70): warning C4305: “初始化”: 从“double”到“float”截断
     1>src\VO_Coiflets.cpp(70): warning C4305: “初始化”: 从“double”到“float”截断
     1>src\VO_Coiflets.cpp(70): warning C4305: “初始化”: 从“double”到“float”截断
     1>src\VO_Coiflets.cpp(70): warning C4305: “初始化”: 从“double”到“float”截断
     1>src\VO_Coiflets.cpp(70): warning C4305: “初始化”: 从“double”到“float”截断
     1>src\VO_Coiflets.cpp(70): warning C4305: “初始化”: 从“double”到“float”截断
     1>src\VO_Coiflets.cpp(70): warning C4305: “初始化”: 从“double”到“float”截断
     1>src\VO_Coiflets.cpp(70): warning C4305: “初始化”: 从“double”到“float”截断
     1>src\VO_Coiflets.cpp(70): warning C4305: “初始化”: 从“double”到“float”截断
     1>src\VO_Coiflets.cpp(70): warning C4305: “初始化”: 从“double”到“float”截断
     1>src\VO_Coiflets.cpp(70): warning C4305: “初始化”: 从“double”到“float”截断
     1>src\VO_Coiflets.cpp(70): warning C4305: “初始化”: 从“double”到“float”截断
     1>src\VO_Coiflets.cpp(70): warning C4305: “初始化”: 从“double”到“float”截断
     1>src\VO_Coiflets.cpp(70): warning C4305: “初始化”: 从“double”到“float”截断
     1>src\VO_Coiflets.cpp(70): warning C4305: “初始化”: 从“double”到“float”截断
     1>src\VO_Coiflets.cpp(70): warning C4305: “初始化”: 从“double”到“float”截断
     1>src\VO_Coiflets.cpp(70): warning C4305: “初始化”: 从“double”到“float”截断
     1>src\VO_Coiflets.cpp(70): warning C4305: “初始化”: 从“double”到“float”截断
     1>src\VO_Coiflets.cpp(70): warning C4305: “初始化”: 从“double”到“float”截断
         VO_CohenDaubechiesFeauveau.cpp
     1>d:\opencv\mybuild_2\install\include\opencv2\flann\logger.h(66): warning C4996: 'fopen': This function or variable may be unsafe. Consider using fopen_s instead. To disable deprecation, use _CRT_SECURE_NO_WARNINGS. See online help for details.
                 C:\Program Files (x86)\Microsoft Visual Studio 10.0\VC\include\stdio.h(234) : 参见“fopen”的声明
         Generating Code...
       Lib:
         C:\Program Files (x86)\Microsoft Visual Studio 10.0\VC\bin\x86_amd64\Lib.exe /OUT:"C:\Users\vincent\Desktop\vosm-0.3.3\x64\Debug\integraltransform.lib" /NOLOGO x64\Debug\VO_CohenDaubechiesFeauveau.obj
         x64\Debug\VO_Coiflets.obj
         x64\Debug\VO_Daubechies.obj
         x64\Debug\VO_DiscreteFIRMeyer.obj
         x64\Debug\VO_Gabor.obj
         x64\Debug\VO_Gauss.obj
         x64\Debug\VO_Haar.obj
         x64\Debug\VO_ReverseBiorthogonal.obj
         x64\Debug\VO_STFT.obj
         x64\Debug\VO_Symlets.obj
         x64\Debug\VO_WindowFunc.obj
         integraltransform.vcxproj -> C:\Users\vincent\Desktop\vosm-0.3.3\x64\Debug\integraltransform.lib
       FinalizeBuildStatus:
         正在删除文件“x64\Debug\integraltransform.unsuccessfulbuild”。
         正在对“x64\Debug\integraltransform.lastbuildstate”执行 Touch 任务。
     1>已完成生成项目“C:\Users\vincent\Desktop\vosm-0.3.3\modules\integraltransform\integraltransform.vcxproj”(rebuild 个目标)的操作。

生成成功。

已用时间 00:00:24.98
