C:\Users\vincent\Desktop\vosm-0.3.3\modules\integraltransform\x64\Debug\cl.command.1.tlog
C:\Users\vincent\Desktop\vosm-0.3.3\modules\integraltransform\x64\Debug\CL.read.1.tlog
C:\Users\vincent\Desktop\vosm-0.3.3\modules\integraltransform\x64\Debug\CL.write.1.tlog
C:\Users\vincent\Desktop\vosm-0.3.3\modules\integraltransform\x64\Debug\integraltransform.vcxprojResolveAssemblyReference.cache
C:\Users\vincent\Desktop\vosm-0.3.3\modules\integraltransform\x64\Debug\integraltransform.write.1.tlog
C:\Users\vincent\Desktop\vosm-0.3.3\modules\integraltransform\x64\Debug\lib.command.1.tlog
C:\Users\vincent\Desktop\vosm-0.3.3\modules\integraltransform\x64\Debug\Lib-link.read.1.tlog
C:\Users\vincent\Desktop\vosm-0.3.3\modules\integraltransform\x64\Debug\Lib-link.write.1.tlog
C:\Users\vincent\Desktop\vosm-0.3.3\modules\integraltransform\x64\Debug\vc100.idb
C:\USERS\VINCENT\DESKTOP\VOSM-0.3.3\MODULES\INTEGRALTRANSFORM\X64\DEBUG\VC100.PDB
C:\USERS\VINCENT\DESKTOP\VOSM-0.3.3\MODULES\INTEGRALTRANSFORM\X64\DEBUG\VO_COHENDAUBECHIESFEAUVEAU.OBJ
C:\USERS\VINCENT\DESKTOP\VOSM-0.3.3\MODULES\INTEGRALTRANSFORM\X64\DEBUG\VO_COIFLETS.OBJ
C:\USERS\VINCENT\DESKTOP\VOSM-0.3.3\MODULES\INTEGRALTRANSFORM\X64\DEBUG\VO_DAUBECHIES.OBJ
C:\USERS\VINCENT\DESKTOP\VOSM-0.3.3\MODULES\INTEGRALTRANSFORM\X64\DEBUG\VO_DISCRETEFIRMEYER.OBJ
C:\USERS\VINCENT\DESKTOP\VOSM-0.3.3\MODULES\INTEGRALTRANSFORM\X64\DEBUG\VO_GABOR.OBJ
C:\USERS\VINCENT\DESKTOP\VOSM-0.3.3\MODULES\INTEGRALTRANSFORM\X64\DEBUG\VO_GAUSS.OBJ
C:\USERS\VINCENT\DESKTOP\VOSM-0.3.3\MODULES\INTEGRALTRANSFORM\X64\DEBUG\VO_HAAR.OBJ
C:\USERS\VINCENT\DESKTOP\VOSM-0.3.3\MODULES\INTEGRALTRANSFORM\X64\DEBUG\VO_REVERSEBIORTHOGONAL.OBJ
C:\USERS\VINCENT\DESKTOP\VOSM-0.3.3\MODULES\INTEGRALTRANSFORM\X64\DEBUG\VO_STFT.OBJ
C:\USERS\VINCENT\DESKTOP\VOSM-0.3.3\MODULES\INTEGRALTRANSFORM\X64\DEBUG\VO_SYMLETS.OBJ
C:\USERS\VINCENT\DESKTOP\VOSM-0.3.3\MODULES\INTEGRALTRANSFORM\X64\DEBUG\VO_WINDOWFUNC.OBJ
C:\USERS\VINCENT\DESKTOP\VOSM-0.3.3\X64\DEBUG\INTEGRALTRANSFORM.LIB
