生成启动时间为 2014/5/29 12:49:36。
     1>项目“C:\Users\vincent\Desktop\vosm-0.3.3\modules\featureextraction\featureextraction.vcxproj”在节点 3 上(rebuild 个目标)。
     1>_PrepareForClean:
         正在删除文件“x64\Debug\featureextraction.lastbuildstate”。
       InitializeBuildStatus:
         正在创建“x64\Debug\featureextraction.unsuccessfulbuild”，因为已指定“AlwaysCreate”。
       ClCompile:
         C:\Program Files (x86)\Microsoft Visual Studio 10.0\VC\bin\x86_amd64\CL.exe /c /I./include /I../include /I../integraltransform/include /Zi /nologo /W3 /WX- /Od /D _MBCS /Gm /EHsc /RTC1 /MDd /GS /fp:precise /Zc:wchar_t /Zc:forScope /Fo"x64\Debug\\" /Fd"x64\Debug\vc100.pdb" /Gd /TP /errorReport:prompt src\VO_DaubechiesFeatures.cpp src\VO_DirectFeatures.cpp src\VO_GaborFeatures.cpp src\VO_HaarFeatures.cpp src\VO_LBPFeatures.cpp
         VO_LBPFeatures.cpp
     1>src\VO_LBPFeatures.cpp(102): warning C4267: “=”: 从“size_t”转换到“unsigned int”，可能丢失数据
         VO_HaarFeatures.cpp
     1>src\VO_HaarFeatures.cpp(217): warning C4267: “=”: 从“size_t”转换到“unsigned int”，可能丢失数据
         VO_GaborFeatures.cpp
     1>src\VO_GaborFeatures.cpp(115): warning C4244: “=”: 从“double”转换到“float”，可能丢失数据
     1>src\VO_GaborFeatures.cpp(116): warning C4244: “=”: 从“double”转换到“float”，可能丢失数据
     1>src\VO_GaborFeatures.cpp(117): warning C4244: “=”: 从“double”转换到“float”，可能丢失数据
     1>src\VO_GaborFeatures.cpp(120): warning C4244: “=”: 从“float”转换到“int”，可能丢失数据
     1>src\VO_GaborFeatures.cpp(121): warning C4244: “=”: 从“float”转换到“int”，可能丢失数据
     1>src\VO_GaborFeatures.cpp(129): warning C4244: “参数”: 从“int”转换到“float”，可能丢失数据
     1>src\VO_GaborFeatures.cpp(129): warning C4244: “参数”: 从“int”转换到“float”，可能丢失数据
     1>src\VO_GaborFeatures.cpp(140): warning C4267: “=”: 从“size_t”转换到“unsigned int”，可能丢失数据
         VO_DirectFeatures.cpp
     1>src\VO_DirectFeatures.cpp(120): warning C4018: “<”: 有符号/无符号不匹配
     1>src\VO_DirectFeatures.cpp(122): warning C4018: “<”: 有符号/无符号不匹配
         VO_DaubechiesFeatures.cpp
     1>src\VO_DaubechiesFeatures.cpp(102): warning C4267: “=”: 从“size_t”转换到“unsigned int”，可能丢失数据
         Generating Code...
       Lib:
         C:\Program Files (x86)\Microsoft Visual Studio 10.0\VC\bin\x86_amd64\Lib.exe /OUT:"C:\Users\vincent\Desktop\vosm-0.3.3\x64\Debug\featureextraction.lib" /NOLOGO x64\Debug\VO_DaubechiesFeatures.obj
         x64\Debug\VO_DirectFeatures.obj
         x64\Debug\VO_GaborFeatures.obj
         x64\Debug\VO_HaarFeatures.obj
         x64\Debug\VO_LBPFeatures.obj
         featureextraction.vcxproj -> C:\Users\vincent\Desktop\vosm-0.3.3\x64\Debug\featureextraction.lib
       FinalizeBuildStatus:
         正在删除文件“x64\Debug\featureextraction.unsuccessfulbuild”。
         正在对“x64\Debug\featureextraction.lastbuildstate”执行 Touch 任务。
     1>已完成生成项目“C:\Users\vincent\Desktop\vosm-0.3.3\modules\featureextraction\featureextraction.vcxproj”(rebuild 个目标)的操作。

生成成功。

已用时间 00:00:14.99
